<?xml version="1.0" encoding="UTF-8"?>
<coverage generated="1776162555">
  <project timestamp="1776162555" name="Clover Coverage">
    <package name="Revolution\Socialite\Amazon">
      <file name="/Users/logic/Sites/socialite-amazon/src/AmazonProvider.php">
        <class name="Revolution\Socialite\Amazon\AmazonProvider" namespace="Revolution\Socialite\Amazon">
          <metrics complexity="4" methods="4" coveredmethods="4" conditionals="0" coveredconditionals="0" statements="17" coveredstatements="17" elements="21" coveredelements="21"/>
        </class>
        <line num="28" type="method" name="getAuthUrl" visibility="protected" complexity="1" crap="1" count="4"/>
        <line num="30" type="stmt" count="4"/>
        <line num="32" type="stmt" count="4"/>
        <line num="38" type="method" name="getTokenUrl" visibility="protected" complexity="1" crap="1" count="4"/>
        <line num="40" type="stmt" count="4"/>
        <line num="46" type="method" name="getUserByToken" visibility="protected" complexity="1" crap="1" count="4"/>
        <line num="48" type="stmt" count="4"/>
        <line num="49" type="stmt" count="4"/>
        <line num="50" type="stmt" count="4"/>
        <line num="51" type="stmt" count="4"/>
        <line num="52" type="stmt" count="4"/>
        <line num="53" type="stmt" count="4"/>
        <line num="55" type="stmt" count="4"/>
        <line num="61" type="method" name="mapUserToObject" visibility="protected" complexity="1" crap="1" count="5"/>
        <line num="63" type="stmt" count="5"/>
        <line num="64" type="stmt" count="5"/>
        <line num="65" type="stmt" count="5"/>
        <line num="66" type="stmt" count="5"/>
        <line num="67" type="stmt" count="5"/>
        <line num="68" type="stmt" count="5"/>
        <line num="69" type="stmt" count="5"/>
        <metrics loc="72" ncloc="50" classes="1" methods="4" coveredmethods="4" conditionals="0" coveredconditionals="0" statements="17" coveredstatements="17" elements="21" coveredelements="21"/>
      </file>
      <file name="/Users/logic/Sites/socialite-amazon/src/AmazonServiceProvider.php">
        <class name="Revolution\Socialite\Amazon\AmazonServiceProvider" namespace="Revolution\Socialite\Amazon">
          <metrics complexity="1" methods="1" coveredmethods="1" conditionals="0" coveredconditionals="0" statements="4" coveredstatements="4" elements="5" coveredelements="5"/>
        </class>
        <line num="13" type="method" name="boot" visibility="public" complexity="1" crap="1" count="12"/>
        <line num="15" type="stmt" count="12"/>
        <line num="16" type="stmt" count="1"/>
        <line num="18" type="stmt" count="1"/>
        <line num="19" type="stmt" count="12"/>
        <metrics loc="22" ncloc="19" classes="1" methods="1" coveredmethods="1" conditionals="0" coveredconditionals="0" statements="4" coveredstatements="4" elements="5" coveredelements="5"/>
      </file>
    </package>
    <metrics files="2" loc="94" ncloc="69" classes="2" methods="5" coveredmethods="5" conditionals="0" coveredconditionals="0" statements="21" coveredstatements="21" elements="26" coveredelements="26"/>
  </project>
</coverage>
